{
  "RSpec": {
    "coverage": {
      "/Users/Dazzla/src/rspec_sample/spec/api/endpoint_spec.rb": [
        1,
        null,
        1,
        null,
        1,
        1,
        null,
        null,
        1,
        1,
        null,
        null,
        1,
        1,
        null,
        null,
        null,
        null,
        null
      ],
      "/Users/Dazzla/src/rspec_sample/spec/api/text_search_spec.rb": [
        1,
        null,
        1,
        null,
        1,
        1,
        null,
        null,
        1,
        1,
        3,
        null,
        null,
        null,
        null,
        null
      ]
    },
    "timestamp": 1460890502
  }
}
